<?xml version="1.0" encoding="UTF-8"?>
<!-- Generated by org.testng.reporters.JUnitXMLReporter -->
<testsuite hostname="Nitin-Tech" ignored="0" name="Default test" tests="5" failures="0" timestamp="2023-06-03T20:43:03 IST" time="30.451" errors="0">
  <testcase name="launchBrowser" time="16.45" classname="UIANDRESTASSURED.PostmethodResponse"/>
  <testcase name="PostMethodResponseCreatedSuccessfully" time="5.111" classname="UIANDRESTASSURED.PostmethodResponse"/>
  <testcase name="GetmethodResponse" time="1.751" classname="UIANDRESTASSURED.PostmethodResponse"/>
  <testcase name="PostMethodResponse" time="3.881" classname="UIANDRESTASSURED.PostmethodResponse"/>
  <testcase name="PatchMethodResponse" time="0.967" classname="UIANDRESTASSURED.PostmethodResponse"/>
</testsuite> <!-- Default test -->
