<?xml version="1.0" encoding="UTF-8"?>
<!-- Generated by org.testng.reporters.JUnitXMLReporter -->
<testsuite hostname="Nitin-Tech" ignored="0" name="PostmethodResponse" tests="5" failures="0" timestamp="2023-06-03T20:44:28 IST" time="26.845" errors="0">
  <testcase name="launchBrowser" time="15.903" classname="UIANDRESTASSURED.PostmethodResponse"/>
  <testcase name="PostMethodResponseCreatedSuccessfully" time="4.617" classname="UIANDRESTASSURED.PostmethodResponse"/>
  <testcase name="GetmethodResponse" time="1.32" classname="UIANDRESTASSURED.PostmethodResponse"/>
  <testcase name="PostMethodResponse" time="1.46" classname="UIANDRESTASSURED.PostmethodResponse"/>
  <testcase name="PatchMethodResponse" time="1.21" classname="UIANDRESTASSURED.PostmethodResponse"/>
</testsuite> <!-- PostmethodResponse -->
