<?xml version="1.0" encoding="UTF-8"?>
<!-- Generated by org.testng.reporters.JUnitXMLReporter -->
<testsuite hostname="Nitin-Tech" ignored="0" name="Test" tests="6" failures="5" timestamp="2023-06-02T18:24:11 IST" time="58.9" errors="0">
  <testcase name="shouldAnswerWithTrue" time="58.711" classname="TESTING.REQRESFRAMEWORK.AppTest"/>
  <testcase name="launchBrowser" time="0.162" classname="UIANDRESTASSURED.PostmethodResponse">
    <failure type="java.lang.NoClassDefFoundError" message="Could not initialize class org.openqa.selenium.remote.http.netty.NettyClient">
      <![CDATA[java.lang.NoClassDefFoundError: Could not initialize class org.openqa.selenium.remote.http.netty.NettyClient
at org.openqa.selenium.remote.http.netty.NettyClient$Factory.createClient(NettyClient.java:135)
at org.openqa.selenium.remote.HttpCommandExecutor.<init>(HttpCommandExecutor.java:116)
at org.openqa.selenium.remote.HttpCommandExecutor.<init>(HttpCommandExecutor.java:94)
at org.openqa.selenium.remote.service.DriverCommandExecutor.<init>(DriverCommandExecutor.java:88)
at org.openqa.selenium.chromium.ChromiumDriverCommandExecutor.<init>(ChromiumDriverCommandExecutor.java:40)
at org.openqa.selenium.chrome.ChromeDriver$ChromeDriverCommandExecutor.<init>(ChromeDriver.java:111)
at org.openqa.selenium.chrome.ChromeDriver.generateExecutor(ChromeDriver.java:101)
at org.openqa.selenium.chrome.ChromeDriver.<init>(ChromeDriver.java:88)
at org.openqa.selenium.chrome.ChromeDriver.<init>(ChromeDriver.java:84)
at org.openqa.selenium.chrome.ChromeDriver.<init>(ChromeDriver.java:52)
at UIANDRESTASSURED.PostmethodResponse.launchBrowser(PostmethodResponse.java:45)
at java.util.ArrayList.forEach(ArrayList.java:1259)
... Removed 26 stack frames]]>
    </failure>
  </testcase> <!-- launchBrowser -->
  <testcase name="PostMethodResponseCreatedSuccessfully" time="0.001" classname="UIANDRESTASSURED.PostmethodResponse">
    <failure type="java.lang.NoClassDefFoundError" message="Could not initialize class io.restassured.internal.RequestSpecificationImpl">
      <![CDATA[java.lang.NoClassDefFoundError: Could not initialize class io.restassured.internal.RequestSpecificationImpl
at io.restassured.builder.RequestSpecBuilder.<init>(RequestSpecBuilder.java:79)
at UIANDRESTASSURED.PostmethodResponse.PostMethodResponseCreatedSuccessfully(PostmethodResponse.java:65)
at java.util.ArrayList.forEach(ArrayList.java:1259)
... Removed 26 stack frames]]>
    </failure>
  </testcase> <!-- PostMethodResponseCreatedSuccessfully -->
  <testcase name="GetmethodResponse" time="0.001" classname="UIANDRESTASSURED.PostmethodResponse">
    <failure type="java.lang.NoClassDefFoundError" message="Could not initialize class io.restassured.internal.RequestSpecificationImpl">
      <![CDATA[java.lang.NoClassDefFoundError: Could not initialize class io.restassured.internal.RequestSpecificationImpl
at io.restassured.builder.RequestSpecBuilder.<init>(RequestSpecBuilder.java:79)
at UIANDRESTASSURED.PostmethodResponse.GetmethodResponse(PostmethodResponse.java:84)
at java.util.ArrayList.forEach(ArrayList.java:1259)
... Removed 26 stack frames]]>
    </failure>
  </testcase> <!-- GetmethodResponse -->
  <testcase name="PostMethodResponse" time="0.001" classname="UIANDRESTASSURED.PostmethodResponse">
    <failure type="java.lang.NoClassDefFoundError" message="Could not initialize class io.restassured.internal.RequestSpecificationImpl">
      <![CDATA[java.lang.NoClassDefFoundError: Could not initialize class io.restassured.internal.RequestSpecificationImpl
at io.restassured.builder.RequestSpecBuilder.<init>(RequestSpecBuilder.java:79)
at UIANDRESTASSURED.PostmethodResponse.PostMethodResponse(PostmethodResponse.java:110)
at java.util.ArrayList.forEach(ArrayList.java:1259)
... Removed 26 stack frames]]>
    </failure>
  </testcase> <!-- PostMethodResponse -->
  <testcase name="PatchMethodResponse" time="0.0" classname="UIANDRESTASSURED.PostmethodResponse">
    <failure type="java.lang.NoClassDefFoundError" message="Could not initialize class io.restassured.internal.RequestSpecificationImpl">
      <![CDATA[java.lang.NoClassDefFoundError: Could not initialize class io.restassured.internal.RequestSpecificationImpl
at io.restassured.builder.RequestSpecBuilder.<init>(RequestSpecBuilder.java:79)
at UIANDRESTASSURED.PostmethodResponse.PatchMethodResponse(PostmethodResponse.java:128)
at java.util.ArrayList.forEach(ArrayList.java:1259)
... Removed 26 stack frames]]>
    </failure>
  </testcase> <!-- PatchMethodResponse -->
</testsuite> <!-- Test -->
