<?xml version="1.0" encoding="UTF-8"?>
<testng-results skipped="0" failed="0" ignored="0" total="1" passed="1">
  <reporter-output>
  </reporter-output>
  <suite name="Surefire suite" duration-ms="27001" started-at="2023-06-03T20:44:01 IST" finished-at="2023-06-03T20:44:28 IST">
    <groups>
    </groups>
    <test name="Surefire test" duration-ms="27001" started-at="2023-06-03T20:44:01 IST" finished-at="2023-06-03T20:44:28 IST">
      <class name="TESTING.REQRESFRAMEWORK.AppTest">
        <test-method status="PASS" signature="shouldAnswerWithTrue()[pri:0, instance:TESTING.REQRESFRAMEWORK.AppTest@1877ab81]" name="shouldAnswerWithTrue" duration-ms="26978" started-at="2023-06-03T20:44:01 IST" finished-at="2023-06-03T20:44:28 IST">
          <reporter-output>
          </reporter-output>
        </test-method> <!-- shouldAnswerWithTrue -->
      </class> <!-- TESTING.REQRESFRAMEWORK.AppTest -->
    </test> <!-- Surefire test -->
  </suite> <!-- Surefire suite -->
</testng-results>
