<?xml version="1.0" encoding="UTF-8"?>
<testng-results skipped="0" failed="0" ignored="0" total="1" passed="1">
  <reporter-output>
  </reporter-output>
  <suite name="Default suite" duration-ms="2017" started-at="2023-05-30T15:43:13 IST" finished-at="2023-05-30T15:43:15 IST">
    <groups>
    </groups>
    <test name="Default test" duration-ms="2017" started-at="2023-05-30T15:43:13 IST" finished-at="2023-05-30T15:43:15 IST">
      <class name="UIANDRESTASSURED.PostmethodResponse">
        <test-method status="PASS" signature="PostMethodResponseCreatedSuccessfully(java.lang.String)[pri:1, instance:UIANDRESTASSURED.PostmethodResponse@52f759d7]" name="PostMethodResponseCreatedSuccessfully" duration-ms="1988" started-at="2023-05-30T15:43:13 IST" finished-at="2023-05-30T15:43:15 IST">
          <params>
            <param index="0">
              <value>
                <![CDATA[test]]>
              </value>
            </param>
          </params>
          <reporter-output>
          </reporter-output>
        </test-method> <!-- PostMethodResponseCreatedSuccessfully -->
      </class> <!-- UIANDRESTASSURED.PostmethodResponse -->
    </test> <!-- Default test -->
  </suite> <!-- Default suite -->
</testng-results>
